2025-05-30 10:52:52 - root - INFO - ==================================================
2025-05-30 10:52:52 - root - INFO - File Automation Tool - Starting
2025-05-30 10:52:52 - root - INFO - ==================================================
2025-05-30 10:52:52 - root - INFO - Log level: INFO
2025-05-30 10:52:52 - root - INFO - Log file: logs/file_automation_20250530_105252.log
2025-05-30 10:52:52 - root - INFO - Starting enhanced file automation with config: Config(file_types=['pdf', 'doc', 'text', 'audio', 'video'], max_files=100, naming_pattern='smart', dry_run=True, backup_enabled=False, copy_files=False, ai_confidence_threshold=0.3, create_subdirectories=True, max_directory_depth=3)
2025-05-30 10:52:52 - root - INFO - Input: test_files
2025-05-30 10:52:52 - root - INFO - Output: test_files/organized_files
2025-05-30 10:52:53 - multi_ai_analyzer - INFO - Available AI providers: ['pattern_based']
2025-05-30 10:52:53 - root - INFO - Scanning directory for files...
2025-05-30 10:52:53 - file_processor - INFO - Scanning directory: test_files
2025-05-30 10:52:53 - root - INFO - Found 7 supported files
2025-05-30 10:52:53 - root - INFO - Processing files with enhanced AI analysis...
2025-05-30 10:52:53 - file_processor - INFO - Processing file 1/7: meeting_notes_2024.txt
2025-05-30 10:52:53 - multi_ai_analyzer - INFO - Using pattern-based analysis (no AI provider available)
2025-05-30 10:52:53 - file_processor - INFO - Processing file 2/7: financial_report_q4.txt
2025-05-30 10:52:53 - multi_ai_analyzer - INFO - Using pattern-based analysis (no AI provider available)
2025-05-30 10:52:53 - file_processor - INFO - Processing file 3/7: presentation_slides.txt
2025-05-30 10:52:53 - multi_ai_analyzer - INFO - Using pattern-based analysis (no AI provider available)
2025-05-30 10:52:53 - file_processor - INFO - Processing file 4/7: random_document.txt
2025-05-30 10:52:53 - multi_ai_analyzer - INFO - Using pattern-based analysis (no AI provider available)
2025-05-30 10:52:53 - file_processor - INFO - Processing file 5/7: service_agreement_draft.txt
2025-05-30 10:52:53 - multi_ai_analyzer - INFO - Using pattern-based analysis (no AI provider available)
2025-05-30 10:52:53 - file_processor - INFO - Processing file 6/7: compliance_audit_report.txt
2025-05-30 10:52:53 - multi_ai_analyzer - INFO - Using pattern-based analysis (no AI provider available)
2025-05-30 10:52:53 - file_processor - INFO - Processing file 7/7: organization_report.txt
2025-05-30 10:52:53 - multi_ai_analyzer - INFO - Using pattern-based analysis (no AI provider available)
2025-05-30 10:52:53 - root - INFO - Organizing files with intelligent categorization...
2025-05-30 10:52:53 - file_organizer - INFO - Organizing 7 files into test_files/organized_files
2025-05-30 10:52:53 - file_organizer - INFO - DRY RUN: Would move test_files/meeting_notes_2024.txt -> test_files/organized_files/Business Documents/Financial/financial_final.txt
2025-05-30 10:52:53 - file_organizer - INFO - DRY RUN: Would move test_files/financial_report_q4.txt -> test_files/organized_files/Business Documents/Financial/financial.txt
2025-05-30 10:52:53 - file_organizer - INFO - DRY RUN: Would move test_files/presentation_slides.txt -> test_files/organized_files/Business Documents/Marketing/marketing.txt
2025-05-30 10:52:53 - file_organizer - INFO - DRY RUN: Would move test_files/random_document.txt -> test_files/organized_files/Business Documents/Operations/operations_draft.txt
2025-05-30 10:52:53 - file_organizer - INFO - DRY RUN: Would move test_files/service_agreement_draft.txt -> test_files/organized_files/Legal Documents/Contract/contract_TechCorp_Solutions_L.txt
2025-05-30 10:52:53 - file_organizer - INFO - DRY RUN: Would move test_files/compliance_audit_report.txt -> test_files/organized_files/Legal Documents/Compliance/compliance_Assessment_Company.txt
2025-05-30 10:52:53 - file_organizer - INFO - DRY RUN: Would move test_files/organized_files/organization_report.txt -> test_files/organized_files/Legal Documents/Contract/contract_draft.txt
2025-05-30 10:52:53 - file_organizer - INFO - Organization complete: 0 organized, 7 errors, 0 skipped
2025-05-30 10:52:53 - file_organizer - INFO - Organization report saved to: test_files/organized_files/organization_report.txt
2025-05-30 10:52:53 - root - INFO - ============================================================
2025-05-30 10:52:53 - root - INFO - ENHANCED AI PROCESSING COMPLETE
2025-05-30 10:52:53 - root - INFO - ============================================================
2025-05-30 10:52:53 - root - INFO - Files processed: 7
2025-05-30 10:52:53 - root - INFO - Successfully organized: 0
2025-05-30 10:52:53 - root - INFO - Errors: 7
2025-05-30 10:52:53 - root - INFO - Skipped: 0
2025-05-30 10:52:53 - root - ERROR - Fatal error: 'categories'
Traceback (most recent call last):
  File "/home/runner/workspace/main.py", line 243, in main
    if results['categories']:
       ~~~~~~~^^^^^^^^^^^^^^
KeyError: 'categories'
